{"C:\\Users\\KIIT\\Desktop\\React JS\\src\\componenets\\Body.js": {"path":"C:\\Users\\KIIT\\Desktop\\React JS\\src\\componenets\\Body.js","statementMap":{"0":{"start":{"line":8,"column":13},"end":{"line":84,"column":1}},"1":{"start":{"line":10,"column":34},"end":{"line":10,"column":46}},"2":{"start":{"line":11,"column":46},"end":{"line":11,"column":58}},"3":{"start":{"line":13,"column":40},"end":{"line":13,"column":52}},"4":{"start":{"line":15,"column":4},"end":{"line":17,"column":11}},"5":{"start":{"line":16,"column":8},"end":{"line":16,"column":20}},"6":{"start":{"line":19,"column":22},"end":{"line":28,"column":5}},"7":{"start":{"line":20,"column":21},"end":{"line":20,"column":172}},"8":{"start":{"line":22,"column":21},"end":{"line":22,"column":38}},"9":{"start":{"line":24,"column":8},"end":{"line":24,"column":95}},"10":{"start":{"line":25,"column":8},"end":{"line":25,"column":101}},"11":{"start":{"line":30,"column":25},"end":{"line":30,"column":42}},"12":{"start":{"line":32,"column":4},"end":{"line":34,"column":5}},"13":{"start":{"line":33,"column":8},"end":{"line":33,"column":90}},"14":{"start":{"line":36,"column":42},"end":{"line":36,"column":65}},"15":{"start":{"line":38,"column":4},"end":{"line":40,"column":5}},"16":{"start":{"line":39,"column":8},"end":{"line":39,"column":27}},"17":{"start":{"line":42,"column":4},"end":{"line":83,"column":5}},"18":{"start":{"line":49,"column":43},"end":{"line":49,"column":72}},"19":{"start":{"line":52,"column":45},"end":{"line":54,"column":29}},"20":{"start":{"line":53,"column":41},"end":{"line":53,"column":103}},"21":{"start":{"line":55,"column":28},"end":{"line":55,"column":55}},"22":{"start":{"line":61,"column":45},"end":{"line":63,"column":29}},"23":{"start":{"line":62,"column":41},"end":{"line":62,"column":63}},"24":{"start":{"line":64,"column":28},"end":{"line":64,"column":55}},"25":{"start":{"line":74,"column":41},"end":{"line":74,"column":68}},"26":{"start":{"line":80,"column":25},"end":{"line":80,"column":168}}},"fnMap":{"0":{"name":"(anonymous_0)","decl":{"start":{"line":8,"column":13},"end":{"line":8,"column":14}},"loc":{"start":{"line":8,"column":19},"end":{"line":84,"column":1}},"line":8},"1":{"name":"(anonymous_1)","decl":{"start":{"line":15,"column":14},"end":{"line":15,"column":15}},"loc":{"start":{"line":15,"column":20},"end":{"line":17,"column":5}},"line":15},"2":{"name":"(anonymous_2)","decl":{"start":{"line":19,"column":22},"end":{"line":19,"column":23}},"loc":{"start":{"line":19,"column":34},"end":{"line":28,"column":5}},"line":19},"3":{"name":"(anonymous_3)","decl":{"start":{"line":49,"column":34},"end":{"line":49,"column":35}},"loc":{"start":{"line":49,"column":41},"end":{"line":49,"column":74}},"line":49},"4":{"name":"(anonymous_4)","decl":{"start":{"line":51,"column":33},"end":{"line":51,"column":34}},"loc":{"start":{"line":51,"column":39},"end":{"line":56,"column":25}},"line":51},"5":{"name":"(anonymous_5)","decl":{"start":{"line":53,"column":32},"end":{"line":53,"column":33}},"loc":{"start":{"line":53,"column":41},"end":{"line":53,"column":103}},"line":53},"6":{"name":"(anonymous_6)","decl":{"start":{"line":60,"column":33},"end":{"line":60,"column":34}},"loc":{"start":{"line":60,"column":39},"end":{"line":65,"column":25}},"line":60},"7":{"name":"(anonymous_7)","decl":{"start":{"line":62,"column":32},"end":{"line":62,"column":33}},"loc":{"start":{"line":62,"column":41},"end":{"line":62,"column":63}},"line":62},"8":{"name":"(anonymous_8)","decl":{"start":{"line":74,"column":34},"end":{"line":74,"column":35}},"loc":{"start":{"line":74,"column":41},"end":{"line":74,"column":68}},"line":74},"9":{"name":"(anonymous_9)","decl":{"start":{"line":79,"column":38},"end":{"line":79,"column":39}},"loc":{"start":{"line":80,"column":25},"end":{"line":80,"column":168}},"line":80}},"branchMap":{"0":{"loc":{"start":{"line":32,"column":4},"end":{"line":34,"column":5}},"type":"if","locations":[{"start":{"line":32,"column":4},"end":{"line":34,"column":5}},{"start":{},"end":{}}],"line":32},"1":{"loc":{"start":{"line":38,"column":4},"end":{"line":40,"column":5}},"type":"if","locations":[{"start":{"line":38,"column":4},"end":{"line":40,"column":5}},{"start":{},"end":{}}],"line":38}},"s":{"0":1,"1":7,"2":7,"3":7,"4":7,"5":2,"6":7,"7":2,"8":2,"9":2,"10":2,"11":7,"12":7,"13":0,"14":7,"15":7,"16":2,"17":5,"18":1,"19":1,"20":9,"21":1,"22":1,"23":9,"24":1,"25":0,"26":36},"f":{"0":7,"1":2,"2":2,"3":1,"4":1,"5":9,"6":1,"7":9,"8":0,"9":36},"b":{"0":[0,7],"1":[2,5]},"_coverageSchema":"1a1c01bbd47fc00a2c39e90264f33305004495a9","hash":"6692c8e39fff6acf3ef663e0f930fc30f0ff003a"}
,"C:\\Users\\KIIT\\Desktop\\React JS\\src\\componenets\\Cart.js": {"path":"C:\\Users\\KIIT\\Desktop\\React JS\\src\\componenets\\Cart.js","statementMap":{"0":{"start":{"line":6,"column":13},"end":{"line":29,"column":1}},"1":{"start":{"line":8,"column":22},"end":{"line":8,"column":62}},"2":{"start":{"line":8,"column":45},"end":{"line":8,"column":61}},"3":{"start":{"line":10,"column":21},"end":{"line":10,"column":34}},"4":{"start":{"line":12,"column":28},"end":{"line":14,"column":5}},"5":{"start":{"line":13,"column":8},"end":{"line":13,"column":30}},"6":{"start":{"line":16,"column":4},"end":{"line":28,"column":5}}},"fnMap":{"0":{"name":"(anonymous_0)","decl":{"start":{"line":6,"column":13},"end":{"line":6,"column":14}},"loc":{"start":{"line":6,"column":19},"end":{"line":29,"column":1}},"line":6},"1":{"name":"(anonymous_1)","decl":{"start":{"line":8,"column":34},"end":{"line":8,"column":35}},"loc":{"start":{"line":8,"column":45},"end":{"line":8,"column":61}},"line":8},"2":{"name":"(anonymous_2)","decl":{"start":{"line":12,"column":28},"end":{"line":12,"column":29}},"loc":{"start":{"line":12,"column":38},"end":{"line":14,"column":5}},"line":12}},"branchMap":{"0":{"loc":{"start":{"line":22,"column":13},"end":{"line":22,"column":98}},"type":"binary-expr","locations":[{"start":{"line":22,"column":13},"end":{"line":22,"column":34}},{"start":{"line":22,"column":38},"end":{"line":22,"column":98}}],"line":22}},"s":{"0":1,"1":3,"2":6,"3":3,"4":3,"5":0,"6":3},"f":{"0":3,"1":6,"2":0},"b":{"0":[3,1]},"_coverageSchema":"1a1c01bbd47fc00a2c39e90264f33305004495a9","hash":"708af8aa5493d30756c620319a94d90b44c0163f"}
,"C:\\Users\\KIIT\\Desktop\\React JS\\src\\componenets\\Contact.js": {"path":"C:\\Users\\KIIT\\Desktop\\React JS\\src\\componenets\\Contact.js","statementMap":{"0":{"start":{"line":3,"column":16},"end":{"line":14,"column":1}},"1":{"start":{"line":4,"column":2},"end":{"line":13,"column":3}}},"fnMap":{"0":{"name":"(anonymous_0)","decl":{"start":{"line":3,"column":16},"end":{"line":3,"column":17}},"loc":{"start":{"line":3,"column":22},"end":{"line":14,"column":1}},"line":3}},"branchMap":{},"s":{"0":1,"1":4},"f":{"0":4},"b":{},"_coverageSchema":"1a1c01bbd47fc00a2c39e90264f33305004495a9","hash":"6765e54c97a26a19986f588133b1d3deeb5baa2e"}
,"C:\\Users\\KIIT\\Desktop\\React JS\\src\\componenets\\Header.js": {"path":"C:\\Users\\KIIT\\Desktop\\React JS\\src\\componenets\\Header.js","statementMap":{"0":{"start":{"line":8,"column":15},"end":{"line":49,"column":1}},"1":{"start":{"line":9,"column":44},"end":{"line":9,"column":61}},"2":{"start":{"line":11,"column":25},"end":{"line":11,"column":42}},"3":{"start":{"line":13,"column":17},"end":{"line":13,"column":40}},"4":{"start":{"line":15,"column":22},"end":{"line":15,"column":62}},"5":{"start":{"line":15,"column":45},"end":{"line":15,"column":61}},"6":{"start":{"line":17,"column":4},"end":{"line":48,"column":6}},"7":{"start":{"line":43,"column":106},"end":{"line":43,"column":184}}},"fnMap":{"0":{"name":"(anonymous_0)","decl":{"start":{"line":8,"column":15},"end":{"line":8,"column":16}},"loc":{"start":{"line":8,"column":21},"end":{"line":49,"column":1}},"line":8},"1":{"name":"(anonymous_1)","decl":{"start":{"line":15,"column":34},"end":{"line":15,"column":35}},"loc":{"start":{"line":15,"column":45},"end":{"line":15,"column":61}},"line":15},"2":{"name":"(anonymous_2)","decl":{"start":{"line":43,"column":98},"end":{"line":43,"column":99}},"loc":{"start":{"line":43,"column":104},"end":{"line":43,"column":186}},"line":43}},"branchMap":{"0":{"loc":{"start":{"line":26,"column":39},"end":{"line":26,"column":64}},"type":"cond-expr","locations":[{"start":{"line":26,"column":54},"end":{"line":26,"column":57}},{"start":{"line":26,"column":60},"end":{"line":26,"column":64}}],"line":26},"1":{"loc":{"start":{"line":43,"column":106},"end":{"line":43,"column":184}},"type":"cond-expr","locations":[{"start":{"line":43,"column":132},"end":{"line":43,"column":157}},{"start":{"line":43,"column":160},"end":{"line":43,"column":184}}],"line":43}},"s":{"0":2,"1":8,"2":8,"3":8,"4":8,"5":15,"6":8,"7":1},"f":{"0":8,"1":15,"2":1},"b":{"0":[8,0],"1":[1,0]},"_coverageSchema":"1a1c01bbd47fc00a2c39e90264f33305004495a9","hash":"d2618abc7c7d156ff5dc5f63601f841282f9c28b"}
,"C:\\Users\\KIIT\\Desktop\\React JS\\src\\componenets\\ItemList.js": {"path":"C:\\Users\\KIIT\\Desktop\\React JS\\src\\componenets\\ItemList.js","statementMap":{"0":{"start":{"line":6,"column":17},"end":{"line":44,"column":1}},"1":{"start":{"line":8,"column":21},"end":{"line":8,"column":34}},"2":{"start":{"line":10,"column":27},"end":{"line":12,"column":5}},"3":{"start":{"line":11,"column":8},"end":{"line":11,"column":32}},"4":{"start":{"line":14,"column":4},"end":{"line":43,"column":5}},"5":{"start":{"line":17,"column":16},"end":{"line":39,"column":22}},"6":{"start":{"line":33,"column":47},"end":{"line":33,"column":67}}},"fnMap":{"0":{"name":"(anonymous_0)","decl":{"start":{"line":6,"column":17},"end":{"line":6,"column":18}},"loc":{"start":{"line":6,"column":32},"end":{"line":44,"column":1}},"line":6},"1":{"name":"(anonymous_1)","decl":{"start":{"line":10,"column":27},"end":{"line":10,"column":28}},"loc":{"start":{"line":10,"column":37},"end":{"line":12,"column":5}},"line":10},"2":{"name":"(anonymous_2)","decl":{"start":{"line":16,"column":23},"end":{"line":16,"column":24}},"loc":{"start":{"line":17,"column":16},"end":{"line":39,"column":22}},"line":17},"3":{"name":"(anonymous_3)","decl":{"start":{"line":33,"column":41},"end":{"line":33,"column":42}},"loc":{"start":{"line":33,"column":47},"end":{"line":33,"column":67}},"line":33}},"branchMap":{},"s":{"0":1,"1":4,"2":4,"3":2,"4":4,"5":17,"6":2},"f":{"0":4,"1":2,"2":17,"3":2},"b":{},"_coverageSchema":"1a1c01bbd47fc00a2c39e90264f33305004495a9","hash":"75d9dbe561bd667f48748ef8c7f8285f857abecf"}
,"C:\\Users\\KIIT\\Desktop\\React JS\\src\\componenets\\RestaurantCard.js": {"path":"C:\\Users\\KIIT\\Desktop\\React JS\\src\\componenets\\RestaurantCard.js","statementMap":{"0":{"start":{"line":3,"column":23},"end":{"line":18,"column":1}},"1":{"start":{"line":4,"column":24},"end":{"line":4,"column":29}},"2":{"start":{"line":6,"column":79},"end":{"line":6,"column":92}},"3":{"start":{"line":7,"column":4},"end":{"line":17,"column":5}}},"fnMap":{"0":{"name":"(anonymous_0)","decl":{"start":{"line":3,"column":23},"end":{"line":3,"column":24}},"loc":{"start":{"line":3,"column":34},"end":{"line":18,"column":1}},"line":3}},"branchMap":{},"s":{"0":2,"1":37,"2":37,"3":37},"f":{"0":37},"b":{},"_coverageSchema":"1a1c01bbd47fc00a2c39e90264f33305004495a9","hash":"ca2227283590a3a8e10b8b6e1309eedf35878788"}
,"C:\\Users\\KIIT\\Desktop\\React JS\\src\\componenets\\RestaurantCategory.js": {"path":"C:\\Users\\KIIT\\Desktop\\React JS\\src\\componenets\\RestaurantCategory.js","statementMap":{"0":{"start":{"line":4,"column":27},"end":{"line":24,"column":1}},"1":{"start":{"line":6,"column":26},"end":{"line":6,"column":41}},"2":{"start":{"line":8,"column":22},"end":{"line":11,"column":3}},"3":{"start":{"line":9,"column":4},"end":{"line":9,"column":19}},"4":{"start":{"line":10,"column":4},"end":{"line":10,"column":19}},"5":{"start":{"line":13,"column":2},"end":{"line":23,"column":3}}},"fnMap":{"0":{"name":"(anonymous_0)","decl":{"start":{"line":4,"column":27},"end":{"line":4,"column":28}},"loc":{"start":{"line":4,"column":66},"end":{"line":24,"column":1}},"line":4},"1":{"name":"(anonymous_1)","decl":{"start":{"line":8,"column":22},"end":{"line":8,"column":23}},"loc":{"start":{"line":8,"column":28},"end":{"line":11,"column":3}},"line":8}},"branchMap":{"0":{"loc":{"start":{"line":20,"column":9},"end":{"line":20,"column":74}},"type":"binary-expr","locations":[{"start":{"line":20,"column":9},"end":{"line":20,"column":13}},{"start":{"line":20,"column":17},"end":{"line":20,"column":26}},{"start":{"line":20,"column":30},"end":{"line":20,"column":74}}],"line":20}},"s":{"0":1,"1":18,"2":18,"3":1,"4":1,"5":18},"f":{"0":18,"1":1},"b":{"0":[18,1,1]},"_coverageSchema":"1a1c01bbd47fc00a2c39e90264f33305004495a9","hash":"178cbb0f6503a79b292417516260e14c26b648e8"}
,"C:\\Users\\KIIT\\Desktop\\React JS\\src\\componenets\\RestaurantMenu.js": {"path":"C:\\Users\\KIIT\\Desktop\\React JS\\src\\componenets\\RestaurantMenu.js","statementMap":{"0":{"start":{"line":7,"column":23},"end":{"line":35,"column":1}},"1":{"start":{"line":9,"column":22},"end":{"line":9,"column":33}},"2":{"start":{"line":11,"column":20},"end":{"line":11,"column":43}},"3":{"start":{"line":13,"column":38},"end":{"line":13,"column":52}},"4":{"start":{"line":15,"column":4},"end":{"line":15,"column":44}},"5":{"start":{"line":15,"column":25},"end":{"line":15,"column":44}},"6":{"start":{"line":17,"column":61},"end":{"line":17,"column":96}},"7":{"start":{"line":18,"column":33},"end":{"line":18,"column":108}},"8":{"start":{"line":20,"column":23},"end":{"line":20,"column":186}},"9":{"start":{"line":20,"column":96},"end":{"line":20,"column":185}},"10":{"start":{"line":22,"column":4},"end":{"line":34,"column":5}},"11":{"start":{"line":27,"column":16},"end":{"line":32,"column":18}},"12":{"start":{"line":31,"column":40},"end":{"line":31,"column":59}}},"fnMap":{"0":{"name":"(anonymous_0)","decl":{"start":{"line":7,"column":23},"end":{"line":7,"column":24}},"loc":{"start":{"line":7,"column":29},"end":{"line":35,"column":1}},"line":7},"1":{"name":"(anonymous_1)","decl":{"start":{"line":20,"column":91},"end":{"line":20,"column":92}},"loc":{"start":{"line":20,"column":96},"end":{"line":20,"column":185}},"line":20},"2":{"name":"(anonymous_2)","decl":{"start":{"line":26,"column":28},"end":{"line":26,"column":29}},"loc":{"start":{"line":27,"column":16},"end":{"line":32,"column":18}},"line":27},"3":{"name":"(anonymous_3)","decl":{"start":{"line":31,"column":34},"end":{"line":31,"column":35}},"loc":{"start":{"line":31,"column":40},"end":{"line":31,"column":59}},"line":31}},"branchMap":{"0":{"loc":{"start":{"line":15,"column":4},"end":{"line":15,"column":44}},"type":"if","locations":[{"start":{"line":15,"column":4},"end":{"line":15,"column":44}},{"start":{},"end":{}}],"line":15},"1":{"loc":{"start":{"line":30,"column":31},"end":{"line":30,"column":64}},"type":"cond-expr","locations":[{"start":{"line":30,"column":52},"end":{"line":30,"column":56}},{"start":{"line":30,"column":59},"end":{"line":30,"column":64}}],"line":30}},"s":{"0":1,"1":4,"2":3,"3":3,"4":3,"5":1,"6":2,"7":2,"8":2,"9":34,"10":2,"11":18,"12":1},"f":{"0":4,"1":34,"2":18,"3":1},"b":{"0":[1,2],"1":[1,17]},"_coverageSchema":"1a1c01bbd47fc00a2c39e90264f33305004495a9","hash":"3eab31b976e659c7abc9165f0ef91faeb535d89b"}
,"C:\\Users\\KIIT\\Desktop\\React JS\\src\\componenets\\Shimmer.js": {"path":"C:\\Users\\KIIT\\Desktop\\React JS\\src\\componenets\\Shimmer.js","statementMap":{"0":{"start":{"line":2,"column":16},"end":{"line":16,"column":1}},"1":{"start":{"line":3,"column":4},"end":{"line":15,"column":6}}},"fnMap":{"0":{"name":"(anonymous_0)","decl":{"start":{"line":2,"column":16},"end":{"line":2,"column":17}},"loc":{"start":{"line":2,"column":22},"end":{"line":16,"column":1}},"line":2}},"branchMap":{},"s":{"0":2,"1":3},"f":{"0":3},"b":{},"_coverageSchema":"1a1c01bbd47fc00a2c39e90264f33305004495a9","hash":"a65c551acdb0f9185105348d60b850c0bdb8201d"}
,"C:\\Users\\KIIT\\Desktop\\React JS\\src\\utils\\UserContext.js": {"path":"C:\\Users\\KIIT\\Desktop\\React JS\\src\\utils\\UserContext.js","statementMap":{"0":{"start":{"line":3,"column":20},"end":{"line":5,"column":2}}},"fnMap":{},"branchMap":{},"s":{"0":3},"f":{},"b":{},"_coverageSchema":"1a1c01bbd47fc00a2c39e90264f33305004495a9","hash":"fa278f1e25d2f75e0d261dc3ac18ce137a48f3c2"}
,"C:\\Users\\KIIT\\Desktop\\React JS\\src\\utils\\appStore.js": {"path":"C:\\Users\\KIIT\\Desktop\\React JS\\src\\utils\\appStore.js","statementMap":{"0":{"start":{"line":4,"column":17},"end":{"line":8,"column":2}}},"fnMap":{},"branchMap":{},"s":{"0":2},"f":{},"b":{},"_coverageSchema":"1a1c01bbd47fc00a2c39e90264f33305004495a9","hash":"5cfdd396007edb8a2dee9268fca471870f59fd6b"}
,"C:\\Users\\KIIT\\Desktop\\React JS\\src\\utils\\cartSlice.js": {"path":"C:\\Users\\KIIT\\Desktop\\React JS\\src\\utils\\cartSlice.js","statementMap":{"0":{"start":{"line":3,"column":18},"end":{"line":19,"column":2}},"1":{"start":{"line":10,"column":12},"end":{"line":10,"column":45}},"2":{"start":{"line":13,"column":12},"end":{"line":13,"column":30}},"3":{"start":{"line":16,"column":12},"end":{"line":16,"column":35}},"4":{"start":{"line":21,"column":50},"end":{"line":21,"column":67}}},"fnMap":{"0":{"name":"(anonymous_0)","decl":{"start":{"line":9,"column":17},"end":{"line":9,"column":18}},"loc":{"start":{"line":9,"column":36},"end":{"line":11,"column":9}},"line":9},"1":{"name":"(anonymous_1)","decl":{"start":{"line":12,"column":20},"end":{"line":12,"column":21}},"loc":{"start":{"line":12,"column":31},"end":{"line":14,"column":9}},"line":12},"2":{"name":"(anonymous_2)","decl":{"start":{"line":15,"column":19},"end":{"line":15,"column":20}},"loc":{"start":{"line":15,"column":30},"end":{"line":17,"column":9}},"line":15}},"branchMap":{},"s":{"0":2,"1":2,"2":0,"3":0,"4":2},"f":{"0":2,"1":0,"2":0},"b":{},"_coverageSchema":"1a1c01bbd47fc00a2c39e90264f33305004495a9","hash":"815ef6658a6c78e3c702f104cec2fdfb4ad43933"}
,"C:\\Users\\KIIT\\Desktop\\React JS\\src\\utils\\constants.js": {"path":"C:\\Users\\KIIT\\Desktop\\React JS\\src\\utils\\constants.js","statementMap":{"0":{"start":{"line":1,"column":22},"end":{"line":1,"column":124}},"1":{"start":{"line":3,"column":21},"end":{"line":3,"column":104}}},"fnMap":{},"branchMap":{},"s":{"0":4,"1":4},"f":{},"b":{},"_coverageSchema":"1a1c01bbd47fc00a2c39e90264f33305004495a9","hash":"fbd6de746e81634a8df7811bec773e3201733598"}
,"C:\\Users\\KIIT\\Desktop\\React JS\\src\\utils\\useOnlineStatus.js": {"path":"C:\\Users\\KIIT\\Desktop\\React JS\\src\\utils\\useOnlineStatus.js","statementMap":{"0":{"start":{"line":3,"column":24},"end":{"line":18,"column":1}},"1":{"start":{"line":5,"column":44},"end":{"line":5,"column":58}},"2":{"start":{"line":6,"column":4},"end":{"line":15,"column":11}},"3":{"start":{"line":7,"column":8},"end":{"line":9,"column":11}},"4":{"start":{"line":8,"column":12},"end":{"line":8,"column":35}},"5":{"start":{"line":11,"column":8},"end":{"line":13,"column":11}},"6":{"start":{"line":12,"column":12},"end":{"line":12,"column":34}},"7":{"start":{"line":17,"column":4},"end":{"line":17,"column":24}}},"fnMap":{"0":{"name":"(anonymous_0)","decl":{"start":{"line":3,"column":24},"end":{"line":3,"column":25}},"loc":{"start":{"line":3,"column":30},"end":{"line":18,"column":1}},"line":3},"1":{"name":"(anonymous_1)","decl":{"start":{"line":6,"column":14},"end":{"line":6,"column":15}},"loc":{"start":{"line":6,"column":20},"end":{"line":15,"column":5}},"line":6},"2":{"name":"(anonymous_2)","decl":{"start":{"line":7,"column":43},"end":{"line":7,"column":44}},"loc":{"start":{"line":7,"column":49},"end":{"line":9,"column":9}},"line":7},"3":{"name":"(anonymous_3)","decl":{"start":{"line":11,"column":42},"end":{"line":11,"column":43}},"loc":{"start":{"line":11,"column":48},"end":{"line":13,"column":9}},"line":11}},"branchMap":{},"s":{"0":3,"1":15,"2":15,"3":7,"4":0,"5":7,"6":0,"7":15},"f":{"0":15,"1":7,"2":0,"3":0},"b":{},"_coverageSchema":"1a1c01bbd47fc00a2c39e90264f33305004495a9","hash":"b82c780ecb4237e66d9f378b5d6711a8f6f3855f"}
,"C:\\Users\\KIIT\\Desktop\\React JS\\src\\utils\\useRestaurantMenu.js": {"path":"C:\\Users\\KIIT\\Desktop\\React JS\\src\\utils\\useRestaurantMenu.js","statementMap":{"0":{"start":{"line":3,"column":25},"end":{"line":23,"column":1}},"1":{"start":{"line":5,"column":34},"end":{"line":5,"column":48}},"2":{"start":{"line":7,"column":4},"end":{"line":9,"column":11}},"3":{"start":{"line":8,"column":8},"end":{"line":8,"column":20}},"4":{"start":{"line":11,"column":22},"end":{"line":19,"column":5}},"5":{"start":{"line":12,"column":21},"end":{"line":14,"column":9}},"6":{"start":{"line":16,"column":21},"end":{"line":16,"column":38}},"7":{"start":{"line":18,"column":8},"end":{"line":18,"column":30}},"8":{"start":{"line":21,"column":4},"end":{"line":21,"column":19}}},"fnMap":{"0":{"name":"(anonymous_0)","decl":{"start":{"line":3,"column":25},"end":{"line":3,"column":26}},"loc":{"start":{"line":3,"column":36},"end":{"line":23,"column":1}},"line":3},"1":{"name":"(anonymous_1)","decl":{"start":{"line":7,"column":14},"end":{"line":7,"column":15}},"loc":{"start":{"line":7,"column":20},"end":{"line":9,"column":5}},"line":7},"2":{"name":"(anonymous_2)","decl":{"start":{"line":11,"column":22},"end":{"line":11,"column":23}},"loc":{"start":{"line":11,"column":34},"end":{"line":19,"column":5}},"line":11}},"branchMap":{},"s":{"0":1,"1":3,"2":3,"3":1,"4":3,"5":1,"6":1,"7":1,"8":3},"f":{"0":3,"1":1,"2":1},"b":{},"_coverageSchema":"1a1c01bbd47fc00a2c39e90264f33305004495a9","hash":"bd2014ab165a5faea25b72ab32e9b8cf13ee02e2"}
}
