TN:
SF:src\componenets\Body.js
FN:8,(anonymous_0)
FN:15,(anonymous_1)
FN:19,(anonymous_2)
FN:49,(anonymous_3)
FN:51,(anonymous_4)
FN:53,(anonymous_5)
FN:60,(anonymous_6)
FN:62,(anonymous_7)
FN:74,(anonymous_8)
FN:79,(anonymous_9)
FNF:10
FNH:9
FNDA:7,(anonymous_0)
FNDA:2,(anonymous_1)
FNDA:2,(anonymous_2)
FNDA:1,(anonymous_3)
FNDA:1,(anonymous_4)
FNDA:9,(anonymous_5)
FNDA:1,(anonymous_6)
FNDA:9,(anonymous_7)
FNDA:0,(anonymous_8)
FNDA:36,(anonymous_9)
DA:8,1
DA:10,7
DA:11,7
DA:13,7
DA:15,7
DA:16,2
DA:19,7
DA:20,2
DA:22,2
DA:24,2
DA:25,2
DA:30,7
DA:32,7
DA:33,0
DA:36,7
DA:38,7
DA:39,2
DA:42,5
DA:49,1
DA:52,1
DA:53,9
DA:55,1
DA:61,1
DA:62,9
DA:64,1
DA:74,0
DA:80,36
LF:27
LH:25
BRDA:32,0,0,0
BRDA:32,0,1,7
BRDA:38,1,0,2
BRDA:38,1,1,5
BRF:4
BRH:3
end_of_record
TN:
SF:src\componenets\Cart.js
FN:6,(anonymous_0)
FN:8,(anonymous_1)
FN:12,(anonymous_2)
FNF:3
FNH:2
FNDA:3,(anonymous_0)
FNDA:6,(anonymous_1)
FNDA:0,(anonymous_2)
DA:6,1
DA:8,6
DA:10,3
DA:12,3
DA:13,0
DA:16,3
LF:6
LH:5
BRDA:22,0,0,3
BRDA:22,0,1,1
BRF:2
BRH:2
end_of_record
TN:
SF:src\componenets\Contact.js
FN:3,(anonymous_0)
FNF:1
FNH:1
FNDA:4,(anonymous_0)
DA:3,1
DA:4,4
LF:2
LH:2
BRF:0
BRH:0
end_of_record
TN:
SF:src\componenets\Header.js
FN:8,(anonymous_0)
FN:15,(anonymous_1)
FN:43,(anonymous_2)
FNF:3
FNH:3
FNDA:8,(anonymous_0)
FNDA:15,(anonymous_1)
FNDA:1,(anonymous_2)
DA:8,2
DA:9,8
DA:11,8
DA:13,8
DA:15,15
DA:17,8
DA:43,1
LF:7
LH:7
BRDA:26,0,0,8
BRDA:26,0,1,0
BRDA:43,1,0,1
BRDA:43,1,1,0
BRF:4
BRH:2
end_of_record
TN:
SF:src\componenets\ItemList.js
FN:6,(anonymous_0)
FN:10,(anonymous_1)
FN:16,(anonymous_2)
FN:33,(anonymous_3)
FNF:4
FNH:4
FNDA:4,(anonymous_0)
FNDA:2,(anonymous_1)
FNDA:17,(anonymous_2)
FNDA:2,(anonymous_3)
DA:6,1
DA:8,4
DA:10,4
DA:11,2
DA:14,4
DA:17,17
DA:33,2
LF:7
LH:7
BRF:0
BRH:0
end_of_record
TN:
SF:src\componenets\RestaurantCard.js
FN:3,(anonymous_0)
FNF:1
FNH:1
FNDA:37,(anonymous_0)
DA:3,2
DA:4,37
DA:6,37
DA:7,37
LF:4
LH:4
BRF:0
BRH:0
end_of_record
TN:
SF:src\componenets\RestaurantCategory.js
FN:4,(anonymous_0)
FN:8,(anonymous_1)
FNF:2
FNH:2
FNDA:18,(anonymous_0)
FNDA:1,(anonymous_1)
DA:4,1
DA:6,18
DA:8,18
DA:9,1
DA:10,1
DA:13,18
LF:6
LH:6
BRDA:20,0,0,18
BRDA:20,0,1,1
BRDA:20,0,2,1
BRF:3
BRH:3
end_of_record
TN:
SF:src\componenets\RestaurantMenu.js
FN:7,(anonymous_0)
FN:20,(anonymous_1)
FN:26,(anonymous_2)
FN:31,(anonymous_3)
FNF:4
FNH:4
FNDA:4,(anonymous_0)
FNDA:34,(anonymous_1)
FNDA:18,(anonymous_2)
FNDA:1,(anonymous_3)
DA:7,1
DA:9,4
DA:11,3
DA:13,3
DA:15,3
DA:17,2
DA:18,2
DA:20,34
DA:22,2
DA:27,18
DA:31,1
LF:11
LH:11
BRDA:15,0,0,1
BRDA:15,0,1,2
BRDA:30,1,0,1
BRDA:30,1,1,17
BRF:4
BRH:4
end_of_record
TN:
SF:src\componenets\Shimmer.js
FN:2,(anonymous_0)
FNF:1
FNH:1
FNDA:3,(anonymous_0)
DA:2,2
DA:3,3
LF:2
LH:2
BRF:0
BRH:0
end_of_record
TN:
SF:src\utils\UserContext.js
FNF:0
FNH:0
DA:3,3
LF:1
LH:1
BRF:0
BRH:0
end_of_record
TN:
SF:src\utils\appStore.js
FNF:0
FNH:0
DA:4,2
LF:1
LH:1
BRF:0
BRH:0
end_of_record
TN:
SF:src\utils\cartSlice.js
FN:9,(anonymous_0)
FN:12,(anonymous_1)
FN:15,(anonymous_2)
FNF:3
FNH:1
FNDA:2,(anonymous_0)
FNDA:0,(anonymous_1)
FNDA:0,(anonymous_2)
DA:3,2
DA:10,2
DA:13,0
DA:16,0
DA:21,2
LF:5
LH:3
BRF:0
BRH:0
end_of_record
TN:
SF:src\utils\constants.js
FNF:0
FNH:0
DA:1,4
DA:3,4
LF:2
LH:2
BRF:0
BRH:0
end_of_record
TN:
SF:src\utils\useOnlineStatus.js
FN:3,(anonymous_0)
FN:6,(anonymous_1)
FN:7,(anonymous_2)
FN:11,(anonymous_3)
FNF:4
FNH:2
FNDA:15,(anonymous_0)
FNDA:7,(anonymous_1)
FNDA:0,(anonymous_2)
FNDA:0,(anonymous_3)
DA:3,3
DA:5,15
DA:6,15
DA:7,7
DA:8,0
DA:11,7
DA:12,0
DA:17,15
LF:8
LH:6
BRF:0
BRH:0
end_of_record
TN:
SF:src\utils\useRestaurantMenu.js
FN:3,(anonymous_0)
FN:7,(anonymous_1)
FN:11,(anonymous_2)
FNF:3
FNH:3
FNDA:3,(anonymous_0)
FNDA:1,(anonymous_1)
FNDA:1,(anonymous_2)
DA:3,1
DA:5,3
DA:7,3
DA:8,1
DA:11,3
DA:12,1
DA:16,1
DA:18,1
DA:21,3
LF:9
LH:9
BRF:0
BRH:0
end_of_record
